{"total": {"lines":{"total":437,"covered":425,"skipped":0,"pct":97.25},"statements":{"total":437,"covered":425,"skipped":0,"pct":97.25},"functions":{"total":48,"covered":44,"skipped":0,"pct":91.66},"branches":{"total":138,"covered":126,"skipped":0,"pct":91.3},"branchesTrue":{"total":0,"covered":0,"skipped":0,"pct":"Unknown"}}
,"/home/arunachalam.v@knackforge.com/.paperclip/instances/default/projects/3fde3945-9dcb-4c43-95b3-4e4e9db6ffe9/bb09220b-5ed2-47b3-9c58-d3e05cefb413/_default/packages/mcp-router/src/audit.ts": {"lines":{"total":23,"covered":19,"skipped":0,"pct":82.6},"functions":{"total":8,"covered":6,"skipped":0,"pct":75},"statements":{"total":23,"covered":19,"skipped":0,"pct":82.6},"branches":{"total":7,"covered":7,"skipped":0,"pct":100}}
,"/home/arunachalam.v@knackforge.com/.paperclip/instances/default/projects/3fde3945-9dcb-4c43-95b3-4e4e9db6ffe9/bb09220b-5ed2-47b3-9c58-d3e05cefb413/_default/packages/mcp-router/src/errors.ts": {"lines":{"total":112,"covered":112,"skipped":0,"pct":100},"functions":{"total":14,"covered":14,"skipped":0,"pct":100},"statements":{"total":112,"covered":112,"skipped":0,"pct":100},"branches":{"total":20,"covered":16,"skipped":0,"pct":80}}
,"/home/arunachalam.v@knackforge.com/.paperclip/instances/default/projects/3fde3945-9dcb-4c43-95b3-4e4e9db6ffe9/bb09220b-5ed2-47b3-9c58-d3e05cefb413/_default/packages/mcp-router/src/in_memory_router.ts": {"lines":{"total":298,"covered":290,"skipped":0,"pct":97.31},"functions":{"total":23,"covered":21,"skipped":0,"pct":91.3},"statements":{"total":298,"covered":290,"skipped":0,"pct":97.31},"branches":{"total":108,"covered":100,"skipped":0,"pct":92.59}}
,"/home/arunachalam.v@knackforge.com/.paperclip/instances/default/projects/3fde3945-9dcb-4c43-95b3-4e4e9db6ffe9/bb09220b-5ed2-47b3-9c58-d3e05cefb413/_default/packages/mcp-router/src/index.ts": {"lines":{"total":1,"covered":1,"skipped":0,"pct":100},"functions":{"total":0,"covered":0,"skipped":0,"pct":100},"statements":{"total":1,"covered":1,"skipped":0,"pct":100},"branches":{"total":0,"covered":0,"skipped":0,"pct":100}}
,"/home/arunachalam.v@knackforge.com/.paperclip/instances/default/projects/3fde3945-9dcb-4c43-95b3-4e4e9db6ffe9/bb09220b-5ed2-47b3-9c58-d3e05cefb413/_default/packages/mcp-router/src/types.ts": {"lines":{"total":3,"covered":3,"skipped":0,"pct":100},"functions":{"total":3,"covered":3,"skipped":0,"pct":100},"statements":{"total":3,"covered":3,"skipped":0,"pct":100},"branches":{"total":3,"covered":3,"skipped":0,"pct":100}}
}
