{"total": {"lines":{"total":600,"covered":586,"skipped":0,"pct":97.66},"statements":{"total":600,"covered":586,"skipped":0,"pct":97.66},"functions":{"total":60,"covered":56,"skipped":0,"pct":93.33},"branches":{"total":180,"covered":163,"skipped":0,"pct":90.55},"branchesTrue":{"total":0,"covered":0,"skipped":0,"pct":"Unknown"}}
,"/home/arunachalam.v@knackforge.com/.paperclip/instances/default/projects/3fde3945-9dcb-4c43-95b3-4e4e9db6ffe9/bb09220b-5ed2-47b3-9c58-d3e05cefb413/_default/packages/mcp-router/src/audit.ts": {"lines":{"total":23,"covered":19,"skipped":0,"pct":82.6},"functions":{"total":8,"covered":6,"skipped":0,"pct":75},"statements":{"total":23,"covered":19,"skipped":0,"pct":82.6},"branches":{"total":7,"covered":7,"skipped":0,"pct":100}}
,"/home/arunachalam.v@knackforge.com/.paperclip/instances/default/projects/3fde3945-9dcb-4c43-95b3-4e4e9db6ffe9/bb09220b-5ed2-47b3-9c58-d3e05cefb413/_default/packages/mcp-router/src/errors.ts": {"lines":{"total":178,"covered":178,"skipped":0,"pct":100},"functions":{"total":22,"covered":22,"skipped":0,"pct":100},"statements":{"total":178,"covered":178,"skipped":0,"pct":100},"branches":{"total":28,"covered":24,"skipped":0,"pct":85.71}}
,"/home/arunachalam.v@knackforge.com/.paperclip/instances/default/projects/3fde3945-9dcb-4c43-95b3-4e4e9db6ffe9/bb09220b-5ed2-47b3-9c58-d3e05cefb413/_default/packages/mcp-router/src/in_memory_router.ts": {"lines":{"total":395,"covered":385,"skipped":0,"pct":97.46},"functions":{"total":27,"covered":25,"skipped":0,"pct":92.59},"statements":{"total":395,"covered":385,"skipped":0,"pct":97.46},"branches":{"total":142,"covered":129,"skipped":0,"pct":90.84}}
,"/home/arunachalam.v@knackforge.com/.paperclip/instances/default/projects/3fde3945-9dcb-4c43-95b3-4e4e9db6ffe9/bb09220b-5ed2-47b3-9c58-d3e05cefb413/_default/packages/mcp-router/src/index.ts": {"lines":{"total":1,"covered":1,"skipped":0,"pct":100},"functions":{"total":0,"covered":0,"skipped":0,"pct":100},"statements":{"total":1,"covered":1,"skipped":0,"pct":100},"branches":{"total":0,"covered":0,"skipped":0,"pct":100}}
,"/home/arunachalam.v@knackforge.com/.paperclip/instances/default/projects/3fde3945-9dcb-4c43-95b3-4e4e9db6ffe9/bb09220b-5ed2-47b3-9c58-d3e05cefb413/_default/packages/mcp-router/src/types.ts": {"lines":{"total":3,"covered":3,"skipped":0,"pct":100},"functions":{"total":3,"covered":3,"skipped":0,"pct":100},"statements":{"total":3,"covered":3,"skipped":0,"pct":100},"branches":{"total":3,"covered":3,"skipped":0,"pct":100}}
}
